I, [2013-11-17T01:46:15.157166 #25807]  INFO -- : Migrating to CreateBooks (20130926174041)
I, [2013-11-17T01:46:15.176073 #25807]  INFO -- : Migrating to DeviseCreateUsers (20130926175354)
I, [2013-11-17T01:46:15.213047 #25807]  INFO -- : Migrating to AddRankToBooks (20130926210844)
I, [2013-11-17T01:46:15.221119 #25807]  INFO -- : Migrating to CreateTopics (20130927232946)
I, [2013-11-17T01:46:15.226647 #25807]  INFO -- : Migrating to CreateComments (20130927232957)
I, [2013-11-17T01:46:15.240410 #25807]  INFO -- : Migrating to CreateSuggestedBooks (20130927234314)
I, [2013-11-17T01:46:15.297575 #25807]  INFO -- : Migrating to CreateBooklists (20130928034233)
I, [2013-11-17T01:46:15.303556 #25807]  INFO -- : Migrating to AddBooklistRefToBooks (20130928035554)
I, [2013-11-17T01:46:15.313728 #25807]  INFO -- : Migrating to AddBookRefToTopics (20130928035708)
I, [2013-11-17T01:46:15.322319 #25807]  INFO -- : Migrating to AddUserRefToTopics (20130928040013)
I, [2013-11-17T01:46:15.331924 #25807]  INFO -- : Migrating to AddUserRefToComments (20130928040036)
I, [2013-11-17T01:46:15.339683 #25807]  INFO -- : Migrating to AddTopicRefToComments (20130928040221)
I, [2013-11-17T01:46:15.348336 #25807]  INFO -- : Migrating to AddBookRefToSuggestedBooks (20130928040346)
I, [2013-11-17T01:46:15.356150 #25807]  INFO -- : Migrating to RemoveBooklistIdFromBooks (20131005005745)
I, [2013-11-17T01:46:15.361762 #25807]  INFO -- : Migrating to CreateJoinTableBookBooklist (20131005010743)
I, [2013-11-17T01:46:15.365912 #25807]  INFO -- : Migrating to CreateRatings (20131020232954)
I, [2013-11-17T01:46:15.370806 #25807]  INFO -- : Migrating to ChangeRatingStyleForBook (20131024000651)
I, [2013-11-17T01:46:15.377249 #25807]  INFO -- : Migrating to ChangeRatingPlotForBook (20131024001352)
I, [2013-11-17T01:46:15.383536 #25807]  INFO -- : Migrating to ChangeRatingThemeForBook (20131024001405)
I, [2013-11-17T01:46:15.389739 #25807]  INFO -- : Migrating to ChangeRatingCharactersForBook (20131024001425)
I, [2013-11-17T01:46:15.397404 #25807]  INFO -- : Migrating to ChangeRatingOverallForBook (20131024001446)
I, [2013-11-17T01:46:15.403474 #25807]  INFO -- : Migrating to ChangeRatingStyleForRating (20131024003752)
I, [2013-11-17T01:46:15.409884 #25807]  INFO -- : Migrating to ChangeRatingPlotForRating (20131024003802)
I, [2013-11-17T01:46:15.415560 #25807]  INFO -- : Migrating to ChangeRatingThemeForRating (20131024003811)
I, [2013-11-17T01:46:15.421299 #25807]  INFO -- : Migrating to ChangeRatingCharactersForRating (20131024003828)
I, [2013-11-17T01:46:15.426911 #25807]  INFO -- : Migrating to ChangeTitleForComment (20131024225154)
I, [2013-11-17T01:46:15.433104 #25807]  INFO -- : Migrating to CreateVotetps (20131026184243)
I, [2013-11-17T01:46:15.437138 #25807]  INFO -- : Migrating to CreateComment2s (20131029224735)
I, [2013-11-17T01:46:15.441193 #25807]  INFO -- : Migrating to CreateComment3s (20131102011629)
I, [2013-11-17T01:46:15.445194 #25807]  INFO -- : Migrating to CreateNotificationcts (20131104201851)
I, [2013-11-17T01:46:15.449016 #25807]  INFO -- : Migrating to CreateNotificationtypes (20131105233417)
I, [2013-11-17T01:46:15.453424 #25807]  INFO -- : Migrating to AddNtkindToNotificationtype (20131106194858)
I, [2013-11-17T01:46:15.458356 #25807]  INFO -- : Migrating to CreateSorttypes (20131109182345)
I, [2013-11-17T01:46:15.462224 #25807]  INFO -- : Migrating to AddLastnameToBook (20131109200900)
E, [2013-11-17T05:55:18.117840 #3995] ERROR -- : Mysql2::Error: Incorrect date value: '1954' for column 'publication' at row 1: INSERT INTO `books` (`author`, `created_at`, `description`, `picture`, `publication`, `rank`, `title`, `updated_at`) VALUES ('J.R.R. Tolkien', '2013-11-17 05:55:18', 'A Christian can almost be forgiven for not reading the Bible, but there\'s no salvation for a fantasy fan who hasn\'t read the gospel of the genre, J.R.R. Tolkien\'s definitive three-book epic, the Lord of the Rings (encompassing The Fellowship of the Ring, The Two Towers, and The Return of the King), and its charming precursor, The Hobbit. That many (if not most) fantasy works are in some way derivative of Tolkien is understood, but the influence of the Lord of the Rings is so universal that everybody from George Lucas to Led Zeppelin has appropriated it for one purpose or another.', '/cover_art/The_Lord_of_the_Rings.jpg', 1954, 1, 'The Lord Of The Rings', '2013-11-17 05:55:18')
E, [2013-11-17T06:19:52.076605 #4616] ERROR -- : Mysql2::Error: Incorrect date value: '1954' for column 'publication' at row 1: INSERT INTO `books` (`author`, `created_at`, `description`, `picture`, `publication`, `rank`, `title`, `updated_at`) VALUES ('J.R.R. Tolkien', '2013-11-17 06:19:52', 'A Christian can almost be forgiven for not reading the Bible, but there\'s no salvation for a fantasy fan who hasn\'t read the gospel of the genre, J.R.R. Tolkien\'s definitive three-book epic, the Lord of the Rings (encompassing The Fellowship of the Ring, The Two Towers, and The Return of the King), and its charming precursor, The Hobbit. That many (if not most) fantasy works are in some way derivative of Tolkien is understood, but the influence of the Lord of the Rings is so universal that everybody from George Lucas to Led Zeppelin has appropriated it for one purpose or another.', '/cover_art/The_Lord_of_the_Rings.jpg', 1954, 1, 'The Lord Of The Rings', '2013-11-17 06:19:52')
E, [2013-11-17T06:20:46.077965 #4640] ERROR -- : Mysql2::Error: Incorrect date value: '1952' for column 'publication' at row 1: INSERT INTO `books` (`author`, `created_at`, `description`, `picture`, `publication`, `rank`, `title`, `updated_at`) VALUES ('J.R.R. Tolkien', '2013-11-17 06:20:46', 'A Christian can almost be forgiven for not reading the Bible, but there\'s no salvation for a fantasy fan who hasn\'t read the gospel of the genre, J.R.R. Tolkien\'s definitive three-book epic, the Lord of the Rings (encompassing The Fellowship of the Ring, The Two Towers, and The Return of the King), and its charming precursor, The Hobbit. That many (if not most) fantasy works are in some way derivative of Tolkien is understood, but the influence of the Lord of the Rings is so universal that everybody from George Lucas to Led Zeppelin has appropriated it for one purpose or another.', '/cover_art/The_Lord_of_the_Rings.jpg', 1952, 1, 'The Lord Of The Rings', '2013-11-17 06:20:46')
E, [2013-11-17T06:23:33.350606 #4714] ERROR -- : Mysql2::Error: Incorrect date value: '1954' for column 'publication' at row 1: INSERT INTO `books` (`author`, `created_at`, `description`, `picture`, `publication`, `rank`, `title`, `updated_at`) VALUES ('J.R.R. Tolkien', '2013-11-17 06:23:33', 'A Christian can almost be forgiven for not reading the Bible, but there\'s no salvation for a fantasy fan who hasn\'t read the gospel of the genre, J.R.R. Tolkien\'s definitive three-book epic, the Lord of the Rings (encompassing The Fellowship of the Ring, The Two Towers, and The Return of the King), and its charming precursor, The Hobbit. That many (if not most) fantasy works are in some way derivative of Tolkien is understood, but the influence of the Lord of the Rings is so universal that everybody from George Lucas to Led Zeppelin has appropriated it for one purpose or another.', '/cover_art/The_Lord_of_the_Rings.jpg', 1954, 1, 'The Lord Of The Rings', '2013-11-17 06:23:33')
E, [2013-11-17T06:25:59.312873 #5271] ERROR -- : Mysql2::Error: Incorrect date value: '1979' for column 'publication' at row 1: INSERT INTO `books` (`author`, `created_at`, `description`, `picture`, `publication`, `rank`, `title`, `updated_at`) VALUES ('Douglas Adams', '2013-11-17 06:25:59', 'Join Douglas Adams\'s hapless hero Arthur Dent as he travels the galaxy with his intrepid pal Ford Prefect, getting into horrible messes and generally wreaking hilarious havoc. Dent is grabbed from Earth moments before a cosmic construction team obliterates the planet to build a freeway. You\'ll never read funnier science fiction; Adams is a master of intelligent satire, barbed wit, and comedic dialogue. The Hitchhiker\'s Guide is rich in comedic detail and thought-provoking situations and stands up to multiple reads.', '/cover_art/The_Hitchhikers_Guide_to_the_Galaxy.jpg', 1979, 2, 'The Hitchhiker\'s Guide To The Galaxy', '2013-11-17 06:25:59')
I, [2013-11-17T06:41:47.188800 #5717]  INFO -- : Migrating to CreateBooks (20130926174041)
I, [2013-11-17T06:41:47.205095 #5717]  INFO -- : Migrating to DeviseCreateUsers (20130926175354)
I, [2013-11-17T06:41:47.281058 #5717]  INFO -- : Migrating to AddRankToBooks (20130926210844)
I, [2013-11-17T06:41:47.287737 #5717]  INFO -- : Migrating to CreateTopics (20130927232946)
I, [2013-11-17T06:41:47.293199 #5717]  INFO -- : Migrating to CreateComments (20130927232957)
I, [2013-11-17T06:41:47.298297 #5717]  INFO -- : Migrating to CreateSuggestedBooks (20130927234314)
I, [2013-11-17T06:41:47.304991 #5717]  INFO -- : Migrating to CreateBooklists (20130928034233)
I, [2013-11-17T06:41:47.318370 #5717]  INFO -- : Migrating to AddBooklistRefToBooks (20130928035554)
I, [2013-11-17T06:41:47.340290 #5717]  INFO -- : Migrating to AddBookRefToTopics (20130928035708)
I, [2013-11-17T06:41:47.350453 #5717]  INFO -- : Migrating to AddUserRefToTopics (20130928040013)
I, [2013-11-17T06:41:47.373380 #5717]  INFO -- : Migrating to AddUserRefToComments (20130928040036)
I, [2013-11-17T06:41:47.397631 #5717]  INFO -- : Migrating to AddTopicRefToComments (20130928040221)
I, [2013-11-17T06:41:47.419036 #5717]  INFO -- : Migrating to AddBookRefToSuggestedBooks (20130928040346)
I, [2013-11-17T06:41:47.432310 #5717]  INFO -- : Migrating to RemoveBooklistIdFromBooks (20131005005745)
I, [2013-11-17T06:41:47.440088 #5717]  INFO -- : Migrating to CreateJoinTableBookBooklist (20131005010743)
I, [2013-11-17T06:41:47.447714 #5717]  INFO -- : Migrating to CreateRatings (20131020232954)
I, [2013-11-17T06:41:47.454458 #5717]  INFO -- : Migrating to ChangeRatingStyleForBook (20131024000651)
I, [2013-11-17T06:41:47.468310 #5717]  INFO -- : Migrating to ChangeRatingPlotForBook (20131024001352)
I, [2013-11-17T06:41:47.476991 #5717]  INFO -- : Migrating to ChangeRatingThemeForBook (20131024001405)
I, [2013-11-17T06:41:47.485769 #5717]  INFO -- : Migrating to ChangeRatingCharactersForBook (20131024001425)
I, [2013-11-17T06:41:47.494397 #5717]  INFO -- : Migrating to ChangeRatingOverallForBook (20131024001446)
I, [2013-11-17T06:41:47.502994 #5717]  INFO -- : Migrating to ChangeRatingStyleForRating (20131024003752)
I, [2013-11-17T06:41:47.511127 #5717]  INFO -- : Migrating to ChangeRatingPlotForRating (20131024003802)
I, [2013-11-17T06:41:47.519753 #5717]  INFO -- : Migrating to ChangeRatingThemeForRating (20131024003811)
I, [2013-11-17T06:41:47.527788 #5717]  INFO -- : Migrating to ChangeRatingCharactersForRating (20131024003828)
I, [2013-11-17T06:41:47.536634 #5717]  INFO -- : Migrating to ChangeTitleForComment (20131024225154)
I, [2013-11-17T06:41:47.544903 #5717]  INFO -- : Migrating to CreateVotetps (20131026184243)
I, [2013-11-17T06:41:47.549918 #5717]  INFO -- : Migrating to CreateComment2s (20131029224735)
I, [2013-11-17T06:41:47.555548 #5717]  INFO -- : Migrating to CreateComment3s (20131102011629)
I, [2013-11-17T06:41:47.560850 #5717]  INFO -- : Migrating to CreateNotificationcts (20131104201851)
I, [2013-11-17T06:41:47.565927 #5717]  INFO -- : Migrating to CreateNotificationtypes (20131105233417)
I, [2013-11-17T06:41:47.571347 #5717]  INFO -- : Migrating to AddNtkindToNotificationtype (20131106194858)
I, [2013-11-17T06:41:47.577846 #5717]  INFO -- : Migrating to CreateSorttypes (20131109182345)
I, [2013-11-17T06:41:47.582938 #5717]  INFO -- : Migrating to AddLastnameToBook (20131109200900)
E, [2013-11-17T08:37:42.213542 #11728] ERROR -- : Mysql2::Error: Incorrect date value: '1954' for column 'publication' at row 1: UPDATE `books` SET `publication` = 1954, `updated_at` = '2013-11-17 08:37:42' WHERE `books`.`id` = 1
I, [2013-11-17T09:03:44.242276 #12780]  INFO -- : Migrating to CreateBooks (20130926174041)
I, [2013-11-17T09:03:44.260225 #12780]  INFO -- : Migrating to DeviseCreateUsers (20130926175354)
I, [2013-11-17T09:03:44.284097 #12780]  INFO -- : Migrating to AddRankToBooks (20130926210844)
I, [2013-11-17T09:03:44.290556 #12780]  INFO -- : Migrating to CreateTopics (20130927232946)
I, [2013-11-17T09:03:44.295770 #12780]  INFO -- : Migrating to CreateComments (20130927232957)
I, [2013-11-17T09:03:44.300648 #12780]  INFO -- : Migrating to CreateSuggestedBooks (20130927234314)
I, [2013-11-17T09:03:44.305665 #12780]  INFO -- : Migrating to CreateBooklists (20130928034233)
I, [2013-11-17T09:03:44.310422 #12780]  INFO -- : Migrating to AddBooklistRefToBooks (20130928035554)
I, [2013-11-17T09:03:44.321223 #12780]  INFO -- : Migrating to AddBookRefToTopics (20130928035708)
I, [2013-11-17T09:03:44.331247 #12780]  INFO -- : Migrating to AddUserRefToTopics (20130928040013)
I, [2013-11-17T09:03:44.351706 #12780]  INFO -- : Migrating to AddUserRefToComments (20130928040036)
I, [2013-11-17T09:03:44.361578 #12780]  INFO -- : Migrating to AddTopicRefToComments (20130928040221)
I, [2013-11-17T09:03:44.372106 #12780]  INFO -- : Migrating to AddBookRefToSuggestedBooks (20130928040346)
I, [2013-11-17T09:03:44.382131 #12780]  INFO -- : Migrating to RemoveBooklistIdFromBooks (20131005005745)
I, [2013-11-17T09:03:44.388508 #12780]  INFO -- : Migrating to CreateJoinTableBookBooklist (20131005010743)
I, [2013-11-17T09:03:44.393986 #12780]  INFO -- : Migrating to CreateRatings (20131020232954)
I, [2013-11-17T09:03:44.400669 #12780]  INFO -- : Migrating to ChangeRatingStyleForBook (20131024000651)
I, [2013-11-17T09:03:44.411390 #12780]  INFO -- : Migrating to ChangeRatingPlotForBook (20131024001352)
I, [2013-11-17T09:03:44.421382 #12780]  INFO -- : Migrating to ChangeRatingThemeForBook (20131024001405)
I, [2013-11-17T09:03:44.429426 #12780]  INFO -- : Migrating to ChangeRatingCharactersForBook (20131024001425)
I, [2013-11-17T09:03:44.435756 #12780]  INFO -- : Migrating to ChangeRatingOverallForBook (20131024001446)
I, [2013-11-17T09:03:44.442393 #12780]  INFO -- : Migrating to ChangeRatingStyleForRating (20131024003752)
I, [2013-11-17T09:03:44.448344 #12780]  INFO -- : Migrating to ChangeRatingPlotForRating (20131024003802)
I, [2013-11-17T09:03:44.454450 #12780]  INFO -- : Migrating to ChangeRatingThemeForRating (20131024003811)
I, [2013-11-17T09:03:44.460544 #12780]  INFO -- : Migrating to ChangeRatingCharactersForRating (20131024003828)
I, [2013-11-17T09:03:44.466736 #12780]  INFO -- : Migrating to ChangeTitleForComment (20131024225154)
I, [2013-11-17T09:03:44.472965 #12780]  INFO -- : Migrating to CreateVotetps (20131026184243)
I, [2013-11-17T09:03:44.477116 #12780]  INFO -- : Migrating to CreateComment2s (20131029224735)
I, [2013-11-17T09:03:44.481855 #12780]  INFO -- : Migrating to CreateComment3s (20131102011629)
I, [2013-11-17T09:03:44.485863 #12780]  INFO -- : Migrating to CreateNotificationcts (20131104201851)
I, [2013-11-17T09:03:44.490005 #12780]  INFO -- : Migrating to CreateNotificationtypes (20131105233417)
I, [2013-11-17T09:03:44.493981 #12780]  INFO -- : Migrating to AddNtkindToNotificationtype (20131106194858)
I, [2013-11-17T09:03:44.499087 #12780]  INFO -- : Migrating to CreateSorttypes (20131109182345)
I, [2013-11-17T09:03:44.503036 #12780]  INFO -- : Migrating to AddLastnameToBook (20131109200900)
